[0.284s] Invoking command in '/workspace/src/tb3_clean': PYTHONPATH=/workspace/build/tb3_clean/prefix_override:/usr/lib/python3/dist-packages/colcon_core/task/python/colcon_distutils_commands:/workspace/install/tb3_clean/lib/python3.12/site-packages:${PYTHONPATH} /usr/bin/python3 -W ignore:setup.py install is deprecated -W ignore:easy_install command is deprecated setup.py egg_info --egg-base ../../build/tb3_clean build --build-base /workspace/build/tb3_clean/build install --record /workspace/build/tb3_clean/install.log --single-version-externally-managed install_data
[0.376s] running egg_info
[0.381s] writing ../../build/tb3_clean/tb3_clean.egg-info/PKG-INFO
[0.382s] writing dependency_links to ../../build/tb3_clean/tb3_clean.egg-info/dependency_links.txt
[0.382s] writing requirements to ../../build/tb3_clean/tb3_clean.egg-info/requires.txt
[0.382s] writing top-level names to ../../build/tb3_clean/tb3_clean.egg-info/top_level.txt
[0.395s] reading manifest file '../../build/tb3_clean/tb3_clean.egg-info/SOURCES.txt'
[0.396s] writing manifest file '../../build/tb3_clean/tb3_clean.egg-info/SOURCES.txt'
[0.396s] running build
[0.396s] running build_py
[0.399s] running install
[0.400s] running install_lib
[0.408s] running install_data
[0.408s] copying launch/sim.launch.py -> /workspace/install/tb3_clean/share/tb3_clean/launch
[0.410s] running install_egg_info
[0.416s] removing '/workspace/install/tb3_clean/lib/python3.12/site-packages/tb3_clean-0.0.0-py3.12.egg-info' (and everything under it)
[0.417s] Copying ../../build/tb3_clean/tb3_clean.egg-info to /workspace/install/tb3_clean/lib/python3.12/site-packages/tb3_clean-0.0.0-py3.12.egg-info
[0.430s] running install_scripts
[0.475s] writing list of installed files to '/workspace/build/tb3_clean/install.log'
[0.489s] Invoked command in '/workspace/src/tb3_clean' returned '0': PYTHONPATH=/workspace/build/tb3_clean/prefix_override:/usr/lib/python3/dist-packages/colcon_core/task/python/colcon_distutils_commands:/workspace/install/tb3_clean/lib/python3.12/site-packages:${PYTHONPATH} /usr/bin/python3 -W ignore:setup.py install is deprecated -W ignore:easy_install command is deprecated setup.py egg_info --egg-base ../../build/tb3_clean build --build-base /workspace/build/tb3_clean/build install --record /workspace/build/tb3_clean/install.log --single-version-externally-managed install_data
