[0.348s] Invoking command in '/workspace/src/tb3_clean': PYTHONPATH=/workspace/build/tb3_clean/prefix_override:/usr/lib/python3/dist-packages/colcon_core/task/python/colcon_distutils_commands:/workspace/install/tb3_clean/lib/python3.12/site-packages:${PYTHONPATH} /usr/bin/python3 -W ignore:setup.py install is deprecated -W ignore:easy_install command is deprecated setup.py egg_info --egg-base ../../build/tb3_clean build --build-base /workspace/build/tb3_clean/build install --record /workspace/build/tb3_clean/install.log --single-version-externally-managed install_data
[0.444s] running egg_info
[0.448s] creating ../../build/tb3_clean/tb3_clean.egg-info
[0.450s] writing ../../build/tb3_clean/tb3_clean.egg-info/PKG-INFO
[0.451s] writing dependency_links to ../../build/tb3_clean/tb3_clean.egg-info/dependency_links.txt
[0.451s] writing requirements to ../../build/tb3_clean/tb3_clean.egg-info/requires.txt
[0.452s] writing top-level names to ../../build/tb3_clean/tb3_clean.egg-info/top_level.txt
[0.452s] writing manifest file '../../build/tb3_clean/tb3_clean.egg-info/SOURCES.txt'
[0.465s] reading manifest file '../../build/tb3_clean/tb3_clean.egg-info/SOURCES.txt'
[0.467s] writing manifest file '../../build/tb3_clean/tb3_clean.egg-info/SOURCES.txt'
[0.467s] running build
[0.468s] running build_py
[0.469s] creating /workspace/build/tb3_clean/build
[0.470s] creating /workspace/build/tb3_clean/build/lib
[0.471s] creating /workspace/build/tb3_clean/build/lib/tb3_clean
[0.471s] copying tb3_clean/__init__.py -> /workspace/build/tb3_clean/build/lib/tb3_clean
[0.477s] running install
[0.478s] running install_lib
[0.481s] creating /workspace/install/tb3_clean/lib/python3.12/site-packages/tb3_clean
[0.482s] copying /workspace/build/tb3_clean/build/lib/tb3_clean/__init__.py -> /workspace/install/tb3_clean/lib/python3.12/site-packages/tb3_clean
[0.483s] byte-compiling /workspace/install/tb3_clean/lib/python3.12/site-packages/tb3_clean/__init__.py to __init__.cpython-312.pyc
[0.485s] running install_data
[0.487s] creating /workspace/install/tb3_clean/share/ament_index
[0.487s] creating /workspace/install/tb3_clean/share/ament_index/resource_index
[0.487s] creating /workspace/install/tb3_clean/share/ament_index/resource_index/packages
[0.488s] copying resource/tb3_clean -> /workspace/install/tb3_clean/share/ament_index/resource_index/packages
[0.489s] copying package.xml -> /workspace/install/tb3_clean/share/tb3_clean
[0.491s] creating /workspace/install/tb3_clean/share/tb3_clean/launch
[0.492s] copying launch/sim.launch.py -> /workspace/install/tb3_clean/share/tb3_clean/launch
[0.493s] running install_egg_info
[0.500s] Copying ../../build/tb3_clean/tb3_clean.egg-info to /workspace/install/tb3_clean/lib/python3.12/site-packages/tb3_clean-0.0.0-py3.12.egg-info
[0.507s] running install_scripts
[0.557s] writing list of installed files to '/workspace/build/tb3_clean/install.log'
[0.574s] Invoked command in '/workspace/src/tb3_clean' returned '0': PYTHONPATH=/workspace/build/tb3_clean/prefix_override:/usr/lib/python3/dist-packages/colcon_core/task/python/colcon_distutils_commands:/workspace/install/tb3_clean/lib/python3.12/site-packages:${PYTHONPATH} /usr/bin/python3 -W ignore:setup.py install is deprecated -W ignore:easy_install command is deprecated setup.py egg_info --egg-base ../../build/tb3_clean build --build-base /workspace/build/tb3_clean/build install --record /workspace/build/tb3_clean/install.log --single-version-externally-managed install_data
