[0.336s] Invoking command in '/workspace/src/tb3_clean': PYTHONPATH=/workspace/build/tb3_clean/prefix_override:/usr/lib/python3/dist-packages/colcon_core/task/python/colcon_distutils_commands:/workspace/install/tb3_clean/lib/python3.12/site-packages:${PYTHONPATH} /usr/bin/python3 -W ignore:setup.py install is deprecated -W ignore:easy_install command is deprecated setup.py egg_info --egg-base ../../build/tb3_clean build --build-base /workspace/build/tb3_clean/build install --record /workspace/build/tb3_clean/install.log --single-version-externally-managed install_data
[0.461s] running egg_info
[0.466s] writing ../../build/tb3_clean/tb3_clean.egg-info/PKG-INFO
[0.467s] writing dependency_links to ../../build/tb3_clean/tb3_clean.egg-info/dependency_links.txt
[0.468s] writing requirements to ../../build/tb3_clean/tb3_clean.egg-info/requires.txt
[0.468s] writing top-level names to ../../build/tb3_clean/tb3_clean.egg-info/top_level.txt
[0.481s] reading manifest file '../../build/tb3_clean/tb3_clean.egg-info/SOURCES.txt'
[0.482s] writing manifest file '../../build/tb3_clean/tb3_clean.egg-info/SOURCES.txt'
[0.483s] running build
[0.483s] running build_py
[0.488s] running install
[0.492s] running install_lib
[0.497s] running install_data
[0.498s] copying launch/sim.launch.py -> /workspace/install/tb3_clean/share/tb3_clean/launch
[0.501s] running install_egg_info
[0.509s] removing '/workspace/install/tb3_clean/lib/python3.12/site-packages/tb3_clean-0.0.0-py3.12.egg-info' (and everything under it)
[0.511s] Copying ../../build/tb3_clean/tb3_clean.egg-info to /workspace/install/tb3_clean/lib/python3.12/site-packages/tb3_clean-0.0.0-py3.12.egg-info
[0.520s] running install_scripts
[0.580s] writing list of installed files to '/workspace/build/tb3_clean/install.log'
[0.597s] Invoked command in '/workspace/src/tb3_clean' returned '0': PYTHONPATH=/workspace/build/tb3_clean/prefix_override:/usr/lib/python3/dist-packages/colcon_core/task/python/colcon_distutils_commands:/workspace/install/tb3_clean/lib/python3.12/site-packages:${PYTHONPATH} /usr/bin/python3 -W ignore:setup.py install is deprecated -W ignore:easy_install command is deprecated setup.py egg_info --egg-base ../../build/tb3_clean build --build-base /workspace/build/tb3_clean/build install --record /workspace/build/tb3_clean/install.log --single-version-externally-managed install_data
